<?xml version="1.0" encoding="UTF-8"?>
<!-- Generated by org.testng.reporters.JUnitXMLReporter -->
<testsuite ignored="0" hostname="DESKTOP-H3TIQID" failures="2" tests="9" name="Test" time="69.185" errors="0" timestamp="2024-05-21T23:18:59 IST">
  <testcase classname="com.tutorialninja.qa.testcases.RegisterTest" name="verifregisterwithmandatoryfield" time="4.72">
    <failure type="java.lang.AssertionError" message="Your Account Has Been Created! expected:&amp;lt;Your Account Has Been Created!&amp;gt; but was:&amp;lt;Account success page is not created&amp;gt;">
      <![CDATA[java.lang.AssertionError: Your Account Has Been Created! expected:<Your Account Has Been Created!> but was:<Account success page is not created>
at com.tutorialninja.qa.testcases.RegisterTest.verifregisterwithmandatoryfield(RegisterTest.java:62)
at java.base/java.util.ArrayList.forEach(ArrayList.java:1596)
... Removed 30 stack frames]]>
    </failure>
  </testcase> <!-- verifregisterwithmandatoryfield -->
  <testcase classname="com.tutorialninja.qa.testcases.SearchTest" name="verifysearchwithvalidproduct" time="0.478"/>
  <testcase classname="com.tutorialninja.qa.testcases.SearchTest" name="verifysearchwithinvalidproduct" time="0.384"/>
  <testcase classname="com.tutorialninja.qa.testcases.SearchTest" name="verifysearchwithnulldata" time="20.712">
    <failure type="org.openqa.selenium.NoSuchElementException" message="no such element: Unable to locate element: {&amp;quot;method&amp;quot;:&amp;quot;xpath&amp;quot;,&amp;quot;selector&amp;quot;:&amp;quot;//p[contains(text(),&amp;apos;There is no product that matches the search criter&amp;apos;)]&amp;quot;}
  (Session info: chrome=123.0.6312.122)
For documentation on this error, please visit: https://www.selenium.dev/documentation/webdriver/troubleshooting/errors#no-such-element-exception
Build info: version: &amp;apos;4.11.0&amp;apos;, revision: &amp;apos;040bc5406b&amp;apos;
System info: os.name: &amp;apos;Windows 11&amp;apos;, os.arch: &amp;apos;amd64&amp;apos;, os.version: &amp;apos;10.0&amp;apos;, java.version: &amp;apos;21.0.2&amp;apos;
Driver info: org.openqa.selenium.chrome.ChromeDriver
Command: [3d625a6d3552a469c4fb1f908aecb16f, findElement {using=xpath, value=//p[contains(text(),&amp;apos;There is no product that matches the search criter&amp;apos;)]}]
Capabilities {acceptInsecureCerts: false, browserName: chrome, browserVersion: 123.0.6312.122, chrome: {chromedriverVersion: 123.0.6312.122 (31f8248cdd9..., userDataDir: C:\Users\white\AppData\Loca...}, fedcm:accounts: true, goog:chromeOptions: {debuggerAddress: localhost:61638}, networkConnectionEnabled: false, pageLoadStrategy: normal, platformName: windows, proxy: Proxy(), se:cdp: ws://localhost:61638/devtoo..., se:cdpVersion: 123.0.6312.122, setWindowRect: true, strictFileInteractability: false, timeouts: {implicit: 0, pageLoad: 300000, script: 30000}, unhandledPromptBehavior: dismiss and notify, webauthn:extension:credBlob: true, webauthn:extension:largeBlob: true, webauthn:extension:minPinLength: true, webauthn:extension:prf: true, webauthn:virtualAuthenticators: true}
Session ID: 3d625a6d3552a469c4fb1f908aecb16f">
      <![CDATA[org.openqa.selenium.NoSuchElementException: no such element: Unable to locate element: {"method":"xpath","selector":"//p[contains(text(),'There is no product that matches the search criter')]"}
  (Session info: chrome=123.0.6312.122)
For documentation on this error, please visit: https://www.selenium.dev/documentation/webdriver/troubleshooting/errors#no-such-element-exception
Build info: version: '4.11.0', revision: '040bc5406b'
System info: os.name: 'Windows 11', os.arch: 'amd64', os.version: '10.0', java.version: '21.0.2'
Driver info: org.openqa.selenium.chrome.ChromeDriver
Command: [3d625a6d3552a469c4fb1f908aecb16f, findElement {using=xpath, value=//p[contains(text(),'There is no product that matches the search criter')]}]
Capabilities {acceptInsecureCerts: false, browserName: chrome, browserVersion: 123.0.6312.122, chrome: {chromedriverVersion: 123.0.6312.122 (31f8248cdd9..., userDataDir: C:\Users\white\AppData\Loca...}, fedcm:accounts: true, goog:chromeOptions: {debuggerAddress: localhost:61638}, networkConnectionEnabled: false, pageLoadStrategy: normal, platformName: windows, proxy: Proxy(), se:cdp: ws://localhost:61638/devtoo..., se:cdpVersion: 123.0.6312.122, setWindowRect: true, strictFileInteractability: false, timeouts: {implicit: 0, pageLoad: 300000, script: 30000}, unhandledPromptBehavior: dismiss and notify, webauthn:extension:credBlob: true, webauthn:extension:largeBlob: true, webauthn:extension:minPinLength: true, webauthn:extension:prf: true, webauthn:virtualAuthenticators: true}
Session ID: 3d625a6d3552a469c4fb1f908aecb16f
at org.openqa.selenium.remote.codec.w3c.W3CHttpResponseCodec.createException(W3CHttpResponseCodec.java:200)
at org.openqa.selenium.remote.codec.w3c.W3CHttpResponseCodec.decode(W3CHttpResponseCodec.java:133)
at org.openqa.selenium.remote.codec.w3c.W3CHttpResponseCodec.decode(W3CHttpResponseCodec.java:52)
at org.openqa.selenium.remote.HttpCommandExecutor.execute(HttpCommandExecutor.java:191)
at org.openqa.selenium.remote.service.DriverCommandExecutor.invokeExecute(DriverCommandExecutor.java:196)
at org.openqa.selenium.remote.service.DriverCommandExecutor.execute(DriverCommandExecutor.java:171)
at org.openqa.selenium.remote.RemoteWebDriver.execute(RemoteWebDriver.java:518)
at org.openqa.selenium.remote.ElementLocation$ElementFinder$2.findElement(ElementLocation.java:165)
at org.openqa.selenium.remote.ElementLocation.findElement(ElementLocation.java:59)
at org.openqa.selenium.remote.RemoteWebDriver.findElement(RemoteWebDriver.java:355)
at org.openqa.selenium.remote.RemoteWebDriver.findElement(RemoteWebDriver.java:349)
at com.tutorialninja.qa.testcases.SearchTest.verifysearchwithnulldata(SearchTest.java:62)
at java.base/java.util.ArrayList.forEach(ArrayList.java:1596)
... Removed 32 stack frames]]>
    </failure>
  </testcase> <!-- verifysearchwithnulldata -->
  <testcase classname="com.tutorialninja.qa.testcases.LoginTest" name="verfiyloginwithvaliddata" time="0.851"/>
  <testcase classname="com.tutorialninja.qa.testcases.LoginTest" name="verfiyloginwithinvaliddata" time="0.933"/>
  <testcase classname="com.tutorialninja.qa.testcases.LoginTest" name="verifyloginwithinvalidemailandinvalidpassword" time="0.952"/>
  <testcase classname="com.tutorialninja.qa.testcases.LoginTest" name="verfiyloginwithvalidemailandinvalidpassword" time="0.681"/>
  <testcase classname="com.tutorialninja.qa.testcases.LoginTest" name="verfiyloginwith_no_credentials" time="0.828"/>
</testsuite> <!-- Test -->
