<!DOCTYPE html PUBLIC "-//W3C//DTD XHTML 1.1//EN" "https://www.w3.org/TR/xhtml11/DTD/xhtml11.dtd">
<html xmlns="https://www.w3.org/1999/xhtml">
<head>
<meta http-equiv="content-type" content="text/html; charset=UTF-8"/>
<title>TestNG Report</title>
<style type="text/css">table {margin-bottom:10px;border-collapse:collapse;empty-cells:show}th,td {border:1px solid #009;padding:.25em .5em}th {vertical-align:bottom}td {vertical-align:top}table a {font-weight:bold}.stripe td {background-color: #E6EBF9}.num {text-align:right}.passedodd td {background-color: #3F3}.passedeven td {background-color: #0A0}.skippedodd td {background-color: #DDD}.skippedeven td {background-color: #CCC}.failedodd td,.attn {background-color: #F33}.failedeven td,.stripe .attn {background-color: #D00}.stacktrace {white-space:pre;font-family:monospace}.totop {font-size:85%;text-align:center;border-bottom:2px solid #000}.invisible {display:none}</style>
</head>
<body>
<table>
<tr><th>Test</th><th># Passed</th><th># Skipped</th><th># Retried</th><th># Failed</th><th>Time (ms)</th><th>Included Groups</th><th>Excluded Groups</th></tr>
<tr><th colspan="8">Suite</th></tr>
<tr><td><a href="#t0">Test</a></td><td class="num">7</td><td class="num">0</td><td class="num">0</td><td class="num attn">2</td><td class="num">69,185</td><td></td><td></td></tr>
</table>
<table id='summary'><thead><tr><th>Class</th><th>Method</th><th>Start</th><th>Time (ms)</th></tr></thead><tbody><tr><th colspan="4">Suite</th></tr></tbody><tbody id="t0"><tr><th colspan="4">Test &#8212; failed</th></tr><tr class="failedeven"><td rowspan="1">com.tutorialninja.qa.testcases.RegisterTest</td><td><a href="#m0">verifregisterwithmandatoryfield</a></td><td rowspan="1">1716313676080</td><td rowspan="1">4720</td></tr><tr class="failedodd"><td rowspan="1">com.tutorialninja.qa.testcases.SearchTest</td><td><a href="#m1">verifysearchwithnulldata</a></td><td rowspan="1">1716313692508</td><td rowspan="1">20712</td></tr><tr><th colspan="4">Test &#8212; passed</th></tr><tr class="passedeven"><td rowspan="5">com.tutorialninja.qa.testcases.LoginTest</td><td><a href="#m2">verfiyloginwith_no_credentials</a></td><td rowspan="1">1716313738148</td><td rowspan="1">828</td></tr><tr class="passedeven"><td><a href="#m3">verfiyloginwithinvaliddata</a></td><td rowspan="1">1716313724485</td><td rowspan="1">933</td></tr><tr class="passedeven"><td><a href="#m4">verfiyloginwithvaliddata</a></td><td rowspan="1">1716313717706</td><td rowspan="1">851</td></tr><tr class="passedeven"><td><a href="#m5">verfiyloginwithvalidemailandinvalidpassword</a></td><td rowspan="1">1716313734966</td><td rowspan="1">681</td></tr><tr class="passedeven"><td><a href="#m6">verifyloginwithinvalidemailandinvalidpassword</a></td><td rowspan="1">1716313729169</td><td rowspan="1">952</td></tr><tr class="passedodd"><td rowspan="2">com.tutorialninja.qa.testcases.SearchTest</td><td><a href="#m7">verifysearchwithinvalidproduct</a></td><td rowspan="1">1716313688212</td><td rowspan="1">384</td></tr><tr class="passedodd"><td><a href="#m8">verifysearchwithvalidproduct</a></td><td rowspan="1">1716313683490</td><td rowspan="1">478</td></tr></tbody>
</table>
<h2>Test</h2><h3 id="m0">com.tutorialninja.qa.testcases.RegisterTest#verifregisterwithmandatoryfield</h3><table class="result"><tr><th>Exception</th></tr><tr><td><div class="stacktrace">java.lang.AssertionError: Your Account Has Been Created! expected:&lt;Your Account Has Been Created!&gt; but was:&lt;Account success page is not created&gt;
	at com.tutorialninja.qa.testcases.RegisterTest.verifregisterwithmandatoryfield(RegisterTest.java:62)
	at java.base/java.util.ArrayList.forEach(ArrayList.java:1596)
... Removed 30 stack frames</div></td></tr></table><p class="totop"><a href="#summary">back to summary</a></p>
<h3 id="m1">com.tutorialninja.qa.testcases.SearchTest#verifysearchwithnulldata</h3><table class="result"><tr><th>Exception</th></tr><tr><td><div class="stacktrace">org.openqa.selenium.NoSuchElementException: no such element: Unable to locate element: {&quot;method&quot;:&quot;xpath&quot;,&quot;selector&quot;:&quot;//p[contains(text(),&apos;There is no product that matches the search criter&apos;)]&quot;}
  (Session info: chrome=123.0.6312.122)
For documentation on this error, please visit: https://www.selenium.dev/documentation/webdriver/troubleshooting/errors#no-such-element-exception
Build info: version: &apos;4.11.0&apos;, revision: &apos;040bc5406b&apos;
System info: os.name: &apos;Windows 11&apos;, os.arch: &apos;amd64&apos;, os.version: &apos;10.0&apos;, java.version: &apos;21.0.2&apos;
Driver info: org.openqa.selenium.chrome.ChromeDriver
Command: [3d625a6d3552a469c4fb1f908aecb16f, findElement {using=xpath, value=//p[contains(text(),&apos;There is no product that matches the search criter&apos;)]}]
Capabilities {acceptInsecureCerts: false, browserName: chrome, browserVersion: 123.0.6312.122, chrome: {chromedriverVersion: 123.0.6312.122 (31f8248cdd9..., userDataDir: C:\Users\white\AppData\Loca...}, fedcm:accounts: true, goog:chromeOptions: {debuggerAddress: localhost:61638}, networkConnectionEnabled: false, pageLoadStrategy: normal, platformName: windows, proxy: Proxy(), se:cdp: ws://localhost:61638/devtoo..., se:cdpVersion: 123.0.6312.122, setWindowRect: true, strictFileInteractability: false, timeouts: {implicit: 0, pageLoad: 300000, script: 30000}, unhandledPromptBehavior: dismiss and notify, webauthn:extension:credBlob: true, webauthn:extension:largeBlob: true, webauthn:extension:minPinLength: true, webauthn:extension:prf: true, webauthn:virtualAuthenticators: true}
Session ID: 3d625a6d3552a469c4fb1f908aecb16f
	at org.openqa.selenium.remote.codec.w3c.W3CHttpResponseCodec.createException(W3CHttpResponseCodec.java:200)
	at org.openqa.selenium.remote.codec.w3c.W3CHttpResponseCodec.decode(W3CHttpResponseCodec.java:133)
	at org.openqa.selenium.remote.codec.w3c.W3CHttpResponseCodec.decode(W3CHttpResponseCodec.java:52)
	at org.openqa.selenium.remote.HttpCommandExecutor.execute(HttpCommandExecutor.java:191)
	at org.openqa.selenium.remote.service.DriverCommandExecutor.invokeExecute(DriverCommandExecutor.java:196)
	at org.openqa.selenium.remote.service.DriverCommandExecutor.execute(DriverCommandExecutor.java:171)
	at org.openqa.selenium.remote.RemoteWebDriver.execute(RemoteWebDriver.java:518)
	at org.openqa.selenium.remote.ElementLocation$ElementFinder$2.findElement(ElementLocation.java:165)
	at org.openqa.selenium.remote.ElementLocation.findElement(ElementLocation.java:59)
	at org.openqa.selenium.remote.RemoteWebDriver.findElement(RemoteWebDriver.java:355)
	at org.openqa.selenium.remote.RemoteWebDriver.findElement(RemoteWebDriver.java:349)
	at com.tutorialninja.qa.testcases.SearchTest.verifysearchwithnulldata(SearchTest.java:62)
	at java.base/java.util.ArrayList.forEach(ArrayList.java:1596)
... Removed 32 stack frames</div></td></tr></table><p class="totop"><a href="#summary">back to summary</a></p>
<h3 id="m2">com.tutorialninja.qa.testcases.LoginTest#verfiyloginwith_no_credentials</h3><table class="result"><tr><th class="invisible"/></tr></table><p class="totop"><a href="#summary">back to summary</a></p>
<h3 id="m3">com.tutorialninja.qa.testcases.LoginTest#verfiyloginwithinvaliddata</h3><table class="result"><tr><th class="invisible"/></tr></table><p class="totop"><a href="#summary">back to summary</a></p>
<h3 id="m4">com.tutorialninja.qa.testcases.LoginTest#verfiyloginwithvaliddata</h3><table class="result"><tr><th class="invisible"/></tr></table><p class="totop"><a href="#summary">back to summary</a></p>
<h3 id="m5">com.tutorialninja.qa.testcases.LoginTest#verfiyloginwithvalidemailandinvalidpassword</h3><table class="result"><tr><th class="invisible"/></tr></table><p class="totop"><a href="#summary">back to summary</a></p>
<h3 id="m6">com.tutorialninja.qa.testcases.LoginTest#verifyloginwithinvalidemailandinvalidpassword</h3><table class="result"><tr><th class="invisible"/></tr></table><p class="totop"><a href="#summary">back to summary</a></p>
<h3 id="m7">com.tutorialninja.qa.testcases.SearchTest#verifysearchwithinvalidproduct</h3><table class="result"><tr><th class="invisible"/></tr></table><p class="totop"><a href="#summary">back to summary</a></p>
<h3 id="m8">com.tutorialninja.qa.testcases.SearchTest#verifysearchwithvalidproduct</h3><table class="result"><tr><th class="invisible"/></tr></table><p class="totop"><a href="#summary">back to summary</a></p>
</body>
</html>
